
> ets-log210-typescript-node-api@2.0.0 testj /home/runner/work/S20203-LOG210-Lab0/S20203-LOG210-Lab0
> jest --env=node --json --coverage --coverageDirectory coverage  test 

[0mPOST /api/v1/jeu/demarrerJeu [32m201[0m 15.354 ms - 39[0m
[0mPOST /api/v1/jeu/demarrerJeu [33m400[0m 0.924 ms - 52[0m
[0mPOST /api/v1/jeu/demarrerJeu [33m400[0m 0.885 ms - 47[0m
[0mPOST /api/v1/jeu/demarrerJeu [33m400[0m 0.812 ms - 48[0m
[0mPOST /api/v1/jeu/demarrerJeu [32m201[0m 2.786 ms - 39[0m
[0mGET /api/v1/jeu/jouer/Jean-Marc [32m200[0m 1.203 ms - 135[0m
[0mGET /api/v1/jeu/jouer/Jean-Marc [32m200[0m 0.608 ms - 132[0m
[0mGET /api/v1/jeu/jouer/Jean-Marc [32m200[0m 0.586 ms - 132[0m
[0mGET /api/v1/jeu/jouer/Jean-Marc [32m200[0m 0.649 ms - 132[0m
[0mGET /api/v1/jeu/jouer/Jean-Marc [32m200[0m 0.581 ms - 133[0m
[0mGET /api/v1/jeu/jouer/Jean-Marc [32m200[0m 0.571 ms - 135[0m
[0mGET /api/v1/jeu/jouer/Jean-Marc [32m200[0m 0.601 ms - 135[0m
[0mGET /api/v1/jeu/jouer/Jean-Marc [32m200[0m 0.537 ms - 132[0m
[0mGET /api/v1/jeu/jouer/Jean-Marc [32m200[0m 0.529 ms - 133[0m
[0mGET /api/v1/jeu/jouer/Jean-Marc [32m200[0m 0.726 ms - 133[0m
[0mGET /api/v1/jeu/jouer/Jean-Marc [32m200[0m 0.590 ms - 133[0m
[0mGET /api/v1/jeu/jouer/Jean-Marc [32m200[0m 0.517 ms - 134[0m
[0mGET /api/v1/jeu/jouer/Jean-Marc [32m200[0m 0.484 ms - 136[0m
[0mGET /api/v1/jeu/jouer/Jean-Marc [32m200[0m 0.475 ms - 133[0m
[0mGET /api/v1/jeu/jouer/Jean-Marc [32m200[0m 0.513 ms - 136[0m
[0mGET /api/v1/jeu/jouer/Jean-Marc [32m200[0m 0.509 ms - 133[0m
[0mGET /api/v1/jeu/jouer/Jean-Marc [32m200[0m 0.471 ms - 134[0m
[0mGET /api/v1/jeu/jouer/Jean-Marc [32m200[0m 0.508 ms - 133[0m
[0mGET /api/v1/jeu/jouer/Jean-Marc [32m200[0m 0.498 ms - 136[0m
[0mGET /api/v1/jeu/jouer/Jean-Marc [32m200[0m 0.499 ms - 136[0m
[0mGET /api/v1/jeu/jouer/Pierre [33m404[0m 0.588 ms - 48[0m
[0mPOST /api/v1/jeu/demarrerJeu [32m201[0m 2.717 ms - 39[0m
[0mGET /api/v1/jeu/terminerJeu/Jean-Marc [32m200[0m 0.883 ms - 86[0m
[0mGET /api/v1/jeu/terminerJeu/Jean-Marc [33m404[0m 0.576 ms - 51[0m
{"numFailedTestSuites":0,"numFailedTests":0,"numPassedTestSuites":4,"numPassedTests":29,"numPendingTestSuites":0,"numPendingTests":0,"numRuntimeErrorTestSuites":0,"numTodoTests":0,"numTotalTestSuites":4,"numTotalTests":29,"openHandles":[],"snapshot":{"added":0,"didUpdate":false,"failure":false,"filesAdded":0,"filesRemoved":0,"filesRemovedList":[],"filesUnmatched":0,"filesUpdated":0,"matched":0,"total":0,"unchecked":0,"uncheckedKeysByFile":[],"unmatched":0,"updated":0},"startTime":1602507372966,"success":true,"testResults":[{"assertionResults":[{"ancestorTitles":["GET /api/v1/jeu/demarrerJeu/:id"],"failureMessages":[],"fullName":"GET /api/v1/jeu/demarrerJeu/:id responds with successful first call for player Jean-Marc","location":null,"status":"passed","title":"responds with successful first call for player Jean-Marc"},{"ancestorTitles":["GET /api/v1/jeu/demarrerJeu/:id"],"failureMessages":[],"fullName":"GET /api/v1/jeu/demarrerJeu/:id duplicate call for player Jean-Marc responds with bad request","location":null,"status":"passed","title":"duplicate call for player Jean-Marc responds with bad request"},{"ancestorTitles":["GET /api/v1/jeu/demarrerJeu/:id"],"failureMessages":[],"fullName":"GET /api/v1/jeu/demarrerJeu/:id missing name parameter responds with bad request","location":null,"status":"passed","title":"missing name parameter responds with bad request"},{"ancestorTitles":["GET /api/v1/jeu/demarrerJeu/:id"],"failureMessages":[],"fullName":"GET /api/v1/jeu/demarrerJeu/:id empty name parameter responds with bad request","location":null,"status":"passed","title":"empty name parameter responds with bad request"}],"endTime":1602507377360,"message":"","name":"/home/runner/work/S20203-LOG210-Lab0/S20203-LOG210-Lab0/test/demarrerJeu.test.ts","startTime":1602507373007,"status":"passed","summary":""},{"assertionResults":[{"ancestorTitles":["GET /api/v1/jeu/jouer/:id"],"failureMessages":[],"fullName":"GET /api/v1/jeu/jouer/:id responds with successful call for initialized player Jean-Marc","location":null,"status":"passed","title":"responds with successful call for initialized player Jean-Marc"},{"ancestorTitles":["GET /api/v1/jeu/jouer/:id"],"failureMessages":[],"fullName":"GET /api/v1/jeu/jouer/:id responds with successful call for initialized player Jean-Marc","location":null,"status":"passed","title":"responds with successful call for initialized player Jean-Marc"},{"ancestorTitles":["GET /api/v1/jeu/jouer/:id"],"failureMessages":[],"fullName":"GET /api/v1/jeu/jouer/:id responds with successful call for initialized player Jean-Marc","location":null,"status":"passed","title":"responds with successful call for initialized player Jean-Marc"},{"ancestorTitles":["GET /api/v1/jeu/jouer/:id"],"failureMessages":[],"fullName":"GET /api/v1/jeu/jouer/:id responds with successful call for initialized player Jean-Marc","location":null,"status":"passed","title":"responds with successful call for initialized player Jean-Marc"},{"ancestorTitles":["GET /api/v1/jeu/jouer/:id"],"failureMessages":[],"fullName":"GET /api/v1/jeu/jouer/:id responds with successful call for initialized player Jean-Marc","location":null,"status":"passed","title":"responds with successful call for initialized player Jean-Marc"},{"ancestorTitles":["GET /api/v1/jeu/jouer/:id"],"failureMessages":[],"fullName":"GET /api/v1/jeu/jouer/:id responds with successful call for initialized player Jean-Marc","location":null,"status":"passed","title":"responds with successful call for initialized player Jean-Marc"},{"ancestorTitles":["GET /api/v1/jeu/jouer/:id"],"failureMessages":[],"fullName":"GET /api/v1/jeu/jouer/:id responds with successful call for initialized player Jean-Marc","location":null,"status":"passed","title":"responds with successful call for initialized player Jean-Marc"},{"ancestorTitles":["GET /api/v1/jeu/jouer/:id"],"failureMessages":[],"fullName":"GET /api/v1/jeu/jouer/:id responds with successful call for initialized player Jean-Marc","location":null,"status":"passed","title":"responds with successful call for initialized player Jean-Marc"},{"ancestorTitles":["GET /api/v1/jeu/jouer/:id"],"failureMessages":[],"fullName":"GET /api/v1/jeu/jouer/:id responds with successful call for initialized player Jean-Marc","location":null,"status":"passed","title":"responds with successful call for initialized player Jean-Marc"},{"ancestorTitles":["GET /api/v1/jeu/jouer/:id"],"failureMessages":[],"fullName":"GET /api/v1/jeu/jouer/:id responds with successful call for initialized player Jean-Marc","location":null,"status":"passed","title":"responds with successful call for initialized player Jean-Marc"},{"ancestorTitles":["GET /api/v1/jeu/jouer/:id"],"failureMessages":[],"fullName":"GET /api/v1/jeu/jouer/:id responds with successful call for initialized player Jean-Marc","location":null,"status":"passed","title":"responds with successful call for initialized player Jean-Marc"},{"ancestorTitles":["GET /api/v1/jeu/jouer/:id"],"failureMessages":[],"fullName":"GET /api/v1/jeu/jouer/:id responds with successful call for initialized player Jean-Marc","location":null,"status":"passed","title":"responds with successful call for initialized player Jean-Marc"},{"ancestorTitles":["GET /api/v1/jeu/jouer/:id"],"failureMessages":[],"fullName":"GET /api/v1/jeu/jouer/:id responds with successful call for initialized player Jean-Marc","location":null,"status":"passed","title":"responds with successful call for initialized player Jean-Marc"},{"ancestorTitles":["GET /api/v1/jeu/jouer/:id"],"failureMessages":[],"fullName":"GET /api/v1/jeu/jouer/:id responds with successful call for initialized player Jean-Marc","location":null,"status":"passed","title":"responds with successful call for initialized player Jean-Marc"},{"ancestorTitles":["GET /api/v1/jeu/jouer/:id"],"failureMessages":[],"fullName":"GET /api/v1/jeu/jouer/:id responds with successful call for initialized player Jean-Marc","location":null,"status":"passed","title":"responds with successful call for initialized player Jean-Marc"},{"ancestorTitles":["GET /api/v1/jeu/jouer/:id"],"failureMessages":[],"fullName":"GET /api/v1/jeu/jouer/:id responds with successful call for initialized player Jean-Marc","location":null,"status":"passed","title":"responds with successful call for initialized player Jean-Marc"},{"ancestorTitles":["GET /api/v1/jeu/jouer/:id"],"failureMessages":[],"fullName":"GET /api/v1/jeu/jouer/:id responds with successful call for initialized player Jean-Marc","location":null,"status":"passed","title":"responds with successful call for initialized player Jean-Marc"},{"ancestorTitles":["GET /api/v1/jeu/jouer/:id"],"failureMessages":[],"fullName":"GET /api/v1/jeu/jouer/:id responds with successful call for initialized player Jean-Marc","location":null,"status":"passed","title":"responds with successful call for initialized player Jean-Marc"},{"ancestorTitles":["GET /api/v1/jeu/jouer/:id"],"failureMessages":[],"fullName":"GET /api/v1/jeu/jouer/:id responds with successful call for initialized player Jean-Marc","location":null,"status":"passed","title":"responds with successful call for initialized player Jean-Marc"},{"ancestorTitles":["GET /api/v1/jeu/jouer/:id"],"failureMessages":[],"fullName":"GET /api/v1/jeu/jouer/:id responds with successful call for initialized player Jean-Marc","location":null,"status":"passed","title":"responds with successful call for initialized player Jean-Marc"},{"ancestorTitles":["GET /api/v1/jeu/jouer/:id"],"failureMessages":[],"fullName":"GET /api/v1/jeu/jouer/:id Call responds with bad request when player is not intialized Pierre","location":null,"status":"passed","title":"Call responds with bad request when player is not intialized Pierre"}],"endTime":1602507377708,"message":"","name":"/home/runner/work/S20203-LOG210-Lab0/S20203-LOG210-Lab0/test/jouer.test.ts","startTime":1602507377376,"status":"passed","summary":""},{"assertionResults":[{"ancestorTitles":["GET /api/v1/jeu/terminerJeu/:id"],"failureMessages":[],"fullName":"GET /api/v1/jeu/terminerJeu/:id responds with successful call for player Jean-Marc","location":null,"status":"passed","title":"responds with successful call for player Jean-Marc"},{"ancestorTitles":["GET /api/v1/jeu/terminerJeu/:id"],"failureMessages":[],"fullName":"GET /api/v1/jeu/terminerJeu/:id Call responds with bad request when player does not exist Jean-Marc","location":null,"status":"passed","title":"Call responds with bad request when player does not exist Jean-Marc"}],"endTime":1602507377912,"message":"","name":"/home/runner/work/S20203-LOG210-Lab0/S20203-LOG210-Lab0/test/terminerJeu.test.ts","startTime":1602507377718,"status":"passed","summary":""},{"assertionResults":[{"ancestorTitles":["baseRoute"],"failureMessages":[],"fullName":"baseRoute should be html","location":null,"status":"passed","title":"should be html"},{"ancestorTitles":["GET /bo/gu/s/URL/"],"failureMessages":[],"fullName":"GET /bo/gu/s/URL/ Call responds with bad request when bogus URL is sent.","location":null,"status":"passed","title":"Call responds with bad request when bogus URL is sent."}],"endTime":1602507378272,"message":"","name":"/home/runner/work/S20203-LOG210-Lab0/S20203-LOG210-Lab0/test/bonjourMonde.test.ts","startTime":1602507377919,"status":"passed","summary":""}],"wasInterrupted":false,"coverageMap":{"/home/runner/work/S20203-LOG210-Lab0/S20203-LOG210-Lab0/src/App.ts":{"path":"/home/runner/work/S20203-LOG210-Lab0/S20203-LOG210-Lab0/src/App.ts","statementMap":{"0":{"start":{"line":2,"column":0},"end":{"line":2,"column":35}},"1":{"start":{"line":3,"column":0},"end":{"line":3,"column":33}},"2":{"start":{"line":4,"column":0},"end":{"line":4,"column":42}},"3":{"start":{"line":5,"column":0},"end":{"line":5,"column":38}},"4":{"start":{"line":6,"column":0},"end":{"line":6,"column":50}},"5":{"start":{"line":8,"column":0},"end":{"line":8,"column":47}},"6":{"start":{"line":19,"column":4},"end":{"line":19,"column":32}},"7":{"start":{"line":20,"column":4},"end":{"line":20,"column":22}},"8":{"start":{"line":21,"column":4},"end":{"line":21,"column":18}},"9":{"start":{"line":22,"column":4},"end":{"line":22,"column":46}},"10":{"start":{"line":23,"column":4},"end":{"line":23,"column":63}},"11":{"start":{"line":29,"column":4},"end":{"line":29,"column":39}},"12":{"start":{"line":30,"column":4},"end":{"line":30,"column":43}},"13":{"start":{"line":31,"column":4},"end":{"line":31,"column":68}},"14":{"start":{"line":32,"column":4},"end":{"line":35,"column":35}},"15":{"start":{"line":36,"column":4},"end":{"line":36,"column":31}},"16":{"start":{"line":43,"column":17},"end":{"line":43,"column":33}},"17":{"start":{"line":46,"column":4},"end":{"line":49,"column":7}},"18":{"start":{"line":47,"column":21},"end":{"line":47,"column":95}},"19":{"start":{"line":48,"column":6},"end":{"line":48,"column":114}},"20":{"start":{"line":51,"column":4},"end":{"line":51,"column":37}},"21":{"start":{"line":53,"column":4},"end":{"line":53,"column":57}},"22":{"start":{"line":58,"column":0},"end":{"line":58,"column":36}}},"fnMap":{"0":{"name":"(anonymous_0)","decl":{"start":{"line":18,"column":2},"end":{"line":18,"column":null}},"loc":{"start":{"line":18,"column":2},"end":{"line":25,"column":3}}},"1":{"name":"(anonymous_1)","decl":{"start":{"line":28,"column":10},"end":{"line":28,"column":20}},"loc":{"start":{"line":28,"column":20},"end":{"line":37,"column":3}}},"2":{"name":"(anonymous_2)","decl":{"start":{"line":40,"column":10},"end":{"line":40,"column":16}},"loc":{"start":{"line":40,"column":16},"end":{"line":54,"column":3}}},"3":{"name":"(anonymous_3)","decl":{"start":{"line":46,"column":20},"end":{"line":46,"column":21}},"loc":{"start":{"line":46,"column":39},"end":{"line":49,"column":5}}}},"branchMap":{"0":{"loc":{"start":{"line":47,"column":57},"end":{"line":47,"column":90}},"type":"cond-expr","locations":[{"start":{"line":47,"column":57},"end":{"line":47,"column":90}},{"start":{"line":47,"column":93},"end":{"line":47,"column":95}}]}},"s":{"0":4,"1":4,"2":4,"3":4,"4":4,"5":4,"6":4,"7":4,"8":4,"9":4,"10":4,"11":4,"12":4,"13":4,"14":4,"15":4,"16":4,"17":4,"18":1,"19":1,"20":4,"21":4,"22":4},"f":{"0":4,"1":4,"2":4,"3":1},"b":{"0":[0,1]}},"/home/runner/work/S20203-LOG210-Lab0/S20203-LOG210-Lab0/src/routes/JeuRouter.ts":{"path":"/home/runner/work/S20203-LOG210-Lab0/S20203-LOG210-Lab0/src/routes/JeuRouter.ts","statementMap":{"0":{"start":{"line":1,"column":0},"end":{"line":1,"column":66}},"1":{"start":{"line":4,"column":0},"end":{"line":4,"column":44}},"2":{"start":{"line":5,"column":0},"end":{"line":5,"column":77}},"3":{"start":{"line":16,"column":4},"end":{"line":16,"column":30}},"4":{"start":{"line":17,"column":4},"end":{"line":17,"column":27}},"5":{"start":{"line":18,"column":4},"end":{"line":18,"column":16}},"6":{"start":{"line":25,"column":14},"end":{"line":25,"column":26}},"7":{"start":{"line":26,"column":4},"end":{"line":58,"column":null}},"8":{"start":{"line":28,"column":6},"end":{"line":30,"column":null}},"9":{"start":{"line":29,"column":8},"end":{"line":29,"column":71}},"10":{"start":{"line":32,"column":6},"end":{"line":32,"column":23}},"11":{"start":{"line":34,"column":6},"end":{"line":36,"column":null}},"12":{"start":{"line":35,"column":8},"end":{"line":35,"column":72}},"13":{"start":{"line":39,"column":19},"end":{"line":39,"column":44}},"14":{"start":{"line":41,"column":7},"end":{"line":41,"column":52}},"15":{"start":{"line":42,"column":6},"end":{"line":47,"column":11}},"16":{"start":{"line":49,"column":17},"end":{"line":49,"column":20}},"17":{"start":{"line":52,"column":6},"end":{"line":55,"column":null}},"18":{"start":{"line":53,"column":9},"end":{"line":53,"column":42}},"19":{"start":{"line":54,"column":8},"end":{"line":54,"column":26}},"20":{"start":{"line":57,"column":6},"end":{"line":57,"column":57}},"21":{"start":{"line":67,"column":14},"end":{"line":67,"column":28}},"22":{"start":{"line":69,"column":4},"end":{"line":90,"column":null}},"23":{"start":{"line":71,"column":21},"end":{"line":71,"column":40}},"24":{"start":{"line":72,"column":7},"end":{"line":72,"column":117}},"25":{"start":{"line":73,"column":6},"end":{"line":78,"column":11}},"26":{"start":{"line":81,"column":17},"end":{"line":81,"column":20}},"27":{"start":{"line":84,"column":6},"end":{"line":87,"column":null}},"28":{"start":{"line":85,"column":9},"end":{"line":85,"column":42}},"29":{"start":{"line":86,"column":8},"end":{"line":86,"column":26}},"30":{"start":{"line":89,"column":6},"end":{"line":89,"column":57}},"31":{"start":{"line":99,"column":14},"end":{"line":99,"column":28}},"32":{"start":{"line":101,"column":4},"end":{"line":122,"column":null}},"33":{"start":{"line":103,"column":21},"end":{"line":103,"column":46}},"34":{"start":{"line":104,"column":7},"end":{"line":104,"column":52}},"35":{"start":{"line":105,"column":6},"end":{"line":110,"column":11}},"36":{"start":{"line":113,"column":17},"end":{"line":113,"column":20}},"37":{"start":{"line":116,"column":6},"end":{"line":119,"column":null}},"38":{"start":{"line":117,"column":9},"end":{"line":117,"column":42}},"39":{"start":{"line":118,"column":8},"end":{"line":118,"column":26}},"40":{"start":{"line":121,"column":6},"end":{"line":121,"column":57}},"41":{"start":{"line":130,"column":4},"end":{"line":130,"column":66}},"42":{"start":{"line":131,"column":4},"end":{"line":131,"column":58}},"43":{"start":{"line":132,"column":4},"end":{"line":132,"column":70}},"44":{"start":{"line":8,"column":0},"end":{"line":8,"column":13}},"45":{"start":{"line":138,"column":13},"end":{"line":138,"column":41}},"46":{"start":{"line":139,"column":0},"end":{"line":139,"column":17}}},"fnMap":{"0":{"name":"(anonymous_0)","decl":{"start":{"line":15,"column":2},"end":{"line":15,"column":null}},"loc":{"start":{"line":15,"column":2},"end":{"line":19,"column":3}}},"1":{"name":"(anonymous_1)","decl":{"start":{"line":24,"column":9},"end":{"line":24,"column":20}},"loc":{"start":{"line":24,"column":68},"end":{"line":59,"column":3}}},"2":{"name":"(anonymous_2)","decl":{"start":{"line":64,"column":9},"end":{"line":64,"column":14}},"loc":{"start":{"line":64,"column":62},"end":{"line":91,"column":3}}},"3":{"name":"(anonymous_3)","decl":{"start":{"line":96,"column":9},"end":{"line":96,"column":20}},"loc":{"start":{"line":96,"column":68},"end":{"line":123,"column":3}}},"4":{"name":"(anonymous_4)","decl":{"start":{"line":129,"column":2},"end":{"line":129,"column":6}},"loc":{"start":{"line":129,"column":6},"end":{"line":133,"column":3}}}},"branchMap":{"0":{"loc":{"start":{"line":28,"column":6},"end":{"line":30,"column":null}},"type":"if","locations":[{"start":{"line":28,"column":6},"end":{"line":30,"column":null}},{"start":{"line":28,"column":6},"end":{"line":30,"column":null}}]},"1":{"loc":{"start":{"line":34,"column":6},"end":{"line":36,"column":null}},"type":"if","locations":[{"start":{"line":34,"column":6},"end":{"line":36,"column":null}},{"start":{"line":34,"column":6},"end":{"line":36,"column":null}}]},"2":{"loc":{"start":{"line":52,"column":6},"end":{"line":55,"column":null}},"type":"if","locations":[{"start":{"line":52,"column":6},"end":{"line":55,"column":null}},{"start":{"line":52,"column":6},"end":{"line":55,"column":null}}]},"3":{"loc":{"start":{"line":84,"column":6},"end":{"line":87,"column":null}},"type":"if","locations":[{"start":{"line":84,"column":6},"end":{"line":87,"column":null}},{"start":{"line":84,"column":6},"end":{"line":87,"column":null}}]},"4":{"loc":{"start":{"line":116,"column":6},"end":{"line":119,"column":null}},"type":"if","locations":[{"start":{"line":116,"column":6},"end":{"line":119,"column":null}},{"start":{"line":116,"column":6},"end":{"line":119,"column":null}}]}},"s":{"0":4,"1":4,"2":4,"3":4,"4":4,"5":4,"6":6,"7":6,"8":6,"9":1,"10":5,"11":5,"12":1,"13":4,"14":3,"15":3,"16":3,"17":3,"18":3,"19":3,"20":3,"21":21,"22":21,"23":21,"24":20,"25":20,"26":1,"27":1,"28":1,"29":1,"30":1,"31":2,"32":2,"33":2,"34":1,"35":1,"36":1,"37":1,"38":1,"39":1,"40":1,"41":8,"42":8,"43":8,"44":4,"45":4,"46":4},"f":{"0":4,"1":6,"2":21,"3":2,"4":8},"b":{"0":[1,5],"1":[1,4],"2":[3,0],"3":[1,0],"4":[1,0]}},"/home/runner/work/S20203-LOG210-Lab0/S20203-LOG210-Lab0/src/core/JeuDeDes.ts":{"path":"/home/runner/work/S20203-LOG210-Lab0/S20203-LOG210-Lab0/src/core/JeuDeDes.ts","statementMap":{"0":{"start":{"line":1,"column":0},"end":{"line":1,"column":26}},"1":{"start":{"line":2,"column":0},"end":{"line":2,"column":34}},"2":{"start":{"line":3,"column":0},"end":{"line":3,"column":55}},"3":{"start":{"line":4,"column":0},"end":{"line":4,"column":65}},"4":{"start":{"line":15,"column":8},"end":{"line":15,"column":44}},"5":{"start":{"line":16,"column":8},"end":{"line":16,"column":49}},"6":{"start":{"line":17,"column":8},"end":{"line":17,"column":27}},"7":{"start":{"line":18,"column":8},"end":{"line":18,"column":27}},"8":{"start":{"line":26,"column":8},"end":{"line":26,"column":49}},"9":{"start":{"line":31,"column":8},"end":{"line":34,"column":null}},"10":{"start":{"line":33,"column":12},"end":{"line":33,"column":78}},"11":{"start":{"line":37,"column":21},"end":{"line":37,"column":36}},"12":{"start":{"line":38,"column":8},"end":{"line":38,"column":38}},"13":{"start":{"line":40,"column":8},"end":{"line":40,"column":22}},"14":{"start":{"line":46,"column":21},"end":{"line":46,"column":42}},"15":{"start":{"line":47,"column":8},"end":{"line":50,"column":null}},"16":{"start":{"line":49,"column":12},"end":{"line":49,"column":74}},"17":{"start":{"line":51,"column":8},"end":{"line":51,"column":26}},"18":{"start":{"line":52,"column":8},"end":{"line":52,"column":26}},"19":{"start":{"line":53,"column":17},"end":{"line":53,"column":31}},"20":{"start":{"line":54,"column":17},"end":{"line":54,"column":31}},"21":{"start":{"line":55,"column":20},"end":{"line":55,"column":27}},"22":{"start":{"line":56,"column":8},"end":{"line":56,"column":24}},"23":{"start":{"line":57,"column":8},"end":{"line":57,"column":40}},"24":{"start":{"line":57,"column":24},"end":{"line":57,"column":40}},"25":{"start":{"line":58,"column":23},"end":{"line":66,"column":10}},"26":{"start":{"line":67,"column":8},"end":{"line":67,"column":24}},"27":{"start":{"line":71,"column":8},"end":{"line":74,"column":null}},"28":{"start":{"line":73,"column":12},"end":{"line":73,"column":74}},"29":{"start":{"line":75,"column":8},"end":{"line":75,"column":33}},"30":{"start":{"line":76,"column":23},"end":{"line":79,"column":10}},"31":{"start":{"line":80,"column":8},"end":{"line":80,"column":24}},"32":{"start":{"line":6,"column":0},"end":{"line":6,"column":13}}},"fnMap":{"0":{"name":"(anonymous_0)","decl":{"start":{"line":14,"column":4},"end":{"line":14,"column":null}},"loc":{"start":{"line":14,"column":4},"end":{"line":19,"column":5}}},"1":{"name":"(anonymous_1)","decl":{"start":{"line":25,"column":11},"end":{"line":25,"column":21}},"loc":{"start":{"line":25,"column":21},"end":{"line":27,"column":5}}},"2":{"name":"(anonymous_2)","decl":{"start":{"line":29,"column":11},"end":{"line":29,"column":22}},"loc":{"start":{"line":29,"column":34},"end":{"line":41,"column":5}}},"3":{"name":"(anonymous_3)","decl":{"start":{"line":45,"column":11},"end":{"line":45,"column":16}},"loc":{"start":{"line":45,"column":28},"end":{"line":68,"column":5}}},"4":{"name":"(anonymous_4)","decl":{"start":{"line":70,"column":11},"end":{"line":70,"column":22}},"loc":{"start":{"line":70,"column":34},"end":{"line":81,"column":5}}}},"branchMap":{"0":{"loc":{"start":{"line":31,"column":8},"end":{"line":34,"column":null}},"type":"if","locations":[{"start":{"line":31,"column":8},"end":{"line":34,"column":null}},{"start":{"line":31,"column":8},"end":{"line":34,"column":null}}]},"1":{"loc":{"start":{"line":47,"column":8},"end":{"line":50,"column":null}},"type":"if","locations":[{"start":{"line":47,"column":8},"end":{"line":50,"column":null}},{"start":{"line":47,"column":8},"end":{"line":50,"column":null}}]},"2":{"loc":{"start":{"line":57,"column":8},"end":{"line":57,"column":40}},"type":"if","locations":[{"start":{"line":57,"column":8},"end":{"line":57,"column":40}},{"start":{"line":57,"column":8},"end":{"line":57,"column":40}}]},"3":{"loc":{"start":{"line":65,"column":50},"end":{"line":65,"column":60}},"type":"cond-expr","locations":[{"start":{"line":65,"column":50},"end":{"line":65,"column":60}},{"start":{"line":65,"column":63},"end":{"line":65,"column":71}}]},"4":{"loc":{"start":{"line":71,"column":8},"end":{"line":74,"column":null}},"type":"if","locations":[{"start":{"line":71,"column":8},"end":{"line":74,"column":null}},{"start":{"line":71,"column":8},"end":{"line":74,"column":null}}]}},"s":{"0":4,"1":4,"2":4,"3":4,"4":4,"5":4,"6":4,"7":4,"8":1,"9":4,"10":1,"11":3,"12":3,"13":3,"14":21,"15":21,"16":1,"17":20,"18":20,"19":20,"20":20,"21":20,"22":20,"23":20,"24":7,"25":20,"26":20,"27":2,"28":1,"29":1,"30":1,"31":1,"32":4},"f":{"0":4,"1":1,"2":4,"3":21,"4":2},"b":{"0":[1,3],"1":[1,20],"2":[7,13],"3":[7,13],"4":[1,1]}},"/home/runner/work/S20203-LOG210-Lab0/S20203-LOG210-Lab0/src/core/De.ts":{"path":"/home/runner/work/S20203-LOG210-Lab0/S20203-LOG210-Lab0/src/core/De.ts","statementMap":{"0":{"start":{"line":5,"column":8},"end":{"line":5,"column":23}},"1":{"start":{"line":10,"column":8},"end":{"line":10,"column":57}},"2":{"start":{"line":14,"column":8},"end":{"line":14,"column":28}},"3":{"start":{"line":1,"column":0},"end":{"line":1,"column":13}}},"fnMap":{"0":{"name":"(anonymous_0)","decl":{"start":{"line":4,"column":4},"end":{"line":4,"column":null}},"loc":{"start":{"line":4,"column":4},"end":{"line":6,"column":5}}},"1":{"name":"(anonymous_1)","decl":{"start":{"line":9,"column":11},"end":{"line":9,"column":18}},"loc":{"start":{"line":9,"column":18},"end":{"line":11,"column":5}}},"2":{"name":"(anonymous_2)","decl":{"start":{"line":13,"column":4},"end":{"line":13,"column":8}},"loc":{"start":{"line":13,"column":14},"end":{"line":15,"column":5}}}},"branchMap":{},"s":{"0":8,"1":48,"2":40,"3":4},"f":{"0":8,"1":48,"2":40},"b":{}},"/home/runner/work/S20203-LOG210-Lab0/S20203-LOG210-Lab0/src/core/Joueur.ts":{"path":"/home/runner/work/S20203-LOG210-Lab0/S20203-LOG210-Lab0/src/core/Joueur.ts","statementMap":{"0":{"start":{"line":7,"column":8},"end":{"line":7,"column":24}},"1":{"start":{"line":8,"column":8},"end":{"line":8,"column":28}},"2":{"start":{"line":9,"column":8},"end":{"line":9,"column":34}},"3":{"start":{"line":13,"column":8},"end":{"line":13,"column":25}},"4":{"start":{"line":17,"column":8},"end":{"line":17,"column":31}},"5":{"start":{"line":21,"column":8},"end":{"line":21,"column":37}},"6":{"start":{"line":25,"column":8},"end":{"line":25,"column":26}},"7":{"start":{"line":29,"column":8},"end":{"line":29,"column":32}},"8":{"start":{"line":1,"column":0},"end":{"line":1,"column":13}}},"fnMap":{"0":{"name":"(anonymous_0)","decl":{"start":{"line":6,"column":4},"end":{"line":6,"column":16}},"loc":{"start":{"line":6,"column":28},"end":{"line":10,"column":5}}},"1":{"name":"(anonymous_1)","decl":{"start":{"line":12,"column":4},"end":{"line":12,"column":8}},"loc":{"start":{"line":12,"column":11},"end":{"line":14,"column":5}}},"2":{"name":"(anonymous_2)","decl":{"start":{"line":16,"column":4},"end":{"line":16,"column":8}},"loc":{"start":{"line":16,"column":15},"end":{"line":18,"column":5}}},"3":{"name":"(anonymous_3)","decl":{"start":{"line":20,"column":4},"end":{"line":20,"column":8}},"loc":{"start":{"line":20,"column":21},"end":{"line":22,"column":5}}},"4":{"name":"(anonymous_4)","decl":{"start":{"line":24,"column":11},"end":{"line":24,"column":17}},"loc":{"start":{"line":24,"column":17},"end":{"line":26,"column":5}}},"5":{"name":"(anonymous_5)","decl":{"start":{"line":28,"column":11},"end":{"line":28,"column":17}},"loc":{"start":{"line":28,"column":17},"end":{"line":30,"column":5}}}},"branchMap":{},"s":{"0":3,"1":3,"2":3,"3":3,"4":20,"5":20,"6":20,"7":7,"8":4},"f":{"0":3,"1":3,"2":20,"3":20,"4":20,"5":7},"b":{}},"/home/runner/work/S20203-LOG210-Lab0/S20203-LOG210-Lab0/src/core/errors/NotFoundError.ts":{"path":"/home/runner/work/S20203-LOG210-Lab0/S20203-LOG210-Lab0/src/core/errors/NotFoundError.ts","statementMap":{"0":{"start":{"line":8,"column":8},"end":{"line":8,"column":23}},"1":{"start":{"line":5,"column":12},"end":{"line":5,"column":31}},"2":{"start":{"line":12,"column":8},"end":{"line":12,"column":26}},"3":{"start":{"line":4,"column":0},"end":{"line":4,"column":13}}},"fnMap":{"0":{"name":"(anonymous_0)","decl":{"start":{"line":7,"column":4},"end":{"line":7,"column":16}},"loc":{"start":{"line":7,"column":30},"end":{"line":9,"column":5}}},"1":{"name":"(anonymous_1)","decl":{"start":{"line":11,"column":4},"end":{"line":11,"column":8}},"loc":{"start":{"line":11,"column":12},"end":{"line":13,"column":5}}}},"branchMap":{},"s":{"0":2,"1":2,"2":4,"3":4},"f":{"0":2,"1":4},"b":{}},"/home/runner/work/S20203-LOG210-Lab0/S20203-LOG210-Lab0/src/core/errors/AlreadyExistsError.ts":{"path":"/home/runner/work/S20203-LOG210-Lab0/S20203-LOG210-Lab0/src/core/errors/AlreadyExistsError.ts","statementMap":{"0":{"start":{"line":8,"column":8},"end":{"line":8,"column":23}},"1":{"start":{"line":5,"column":12},"end":{"line":5,"column":31}},"2":{"start":{"line":12,"column":8},"end":{"line":12,"column":26}},"3":{"start":{"line":4,"column":0},"end":{"line":4,"column":13}}},"fnMap":{"0":{"name":"(anonymous_0)","decl":{"start":{"line":7,"column":4},"end":{"line":7,"column":16}},"loc":{"start":{"line":7,"column":30},"end":{"line":9,"column":5}}},"1":{"name":"(anonymous_1)","decl":{"start":{"line":11,"column":4},"end":{"line":11,"column":8}},"loc":{"start":{"line":11,"column":12},"end":{"line":13,"column":5}}}},"branchMap":{},"s":{"0":1,"1":1,"2":2,"3":4},"f":{"0":1,"1":2},"b":{}},"/home/runner/work/S20203-LOG210-Lab0/S20203-LOG210-Lab0/src/core/errors/InvalidParameterError.ts":{"path":"/home/runner/work/S20203-LOG210-Lab0/S20203-LOG210-Lab0/src/core/errors/InvalidParameterError.ts","statementMap":{"0":{"start":{"line":8,"column":8},"end":{"line":8,"column":23}},"1":{"start":{"line":5,"column":12},"end":{"line":5,"column":31}},"2":{"start":{"line":12,"column":8},"end":{"line":12,"column":26}},"3":{"start":{"line":4,"column":0},"end":{"line":4,"column":13}}},"fnMap":{"0":{"name":"(anonymous_0)","decl":{"start":{"line":7,"column":4},"end":{"line":7,"column":16}},"loc":{"start":{"line":7,"column":30},"end":{"line":9,"column":5}}},"1":{"name":"(anonymous_1)","decl":{"start":{"line":11,"column":4},"end":{"line":11,"column":8}},"loc":{"start":{"line":11,"column":12},"end":{"line":13,"column":5}}}},"branchMap":{},"s":{"0":2,"1":2,"2":4,"3":4},"f":{"0":2,"1":4},"b":{}}}}[0mGET / [32m200[0m 168.545 ms - 833[0m
[0mGET /bo/gu/s/URL/Pierre [33m404[0m 2.631 ms - 157[0m
